<?xml version="1.0" encoding="UTF-8"?>
<testng-results skipped="0" failed="0" total="1" passed="1">
  <reporter-output>
  </reporter-output>
  <suite name="Default suite" duration-ms="7860" started-at="2021-04-16T21:48:26Z" finished-at="2021-04-16T21:48:34Z">
    <groups>
    </groups>
    <test name="Default test" duration-ms="7860" started-at="2021-04-16T21:48:26Z" finished-at="2021-04-16T21:48:34Z">
      <class name="lec23_java_selenium.DoubleClickAction">
        <test-method status="PASS" signature="test()[pri:0, instance:lec23_java_selenium.DoubleClickAction@5ae9a829]" name="test" duration-ms="7795" started-at="2021-04-16T17:48:26Z" finished-at="2021-04-16T17:48:34Z">
          <reporter-output>
          </reporter-output>
        </test-method> <!-- test -->
      </class> <!-- lec23_java_selenium.DoubleClickAction -->
    </test> <!-- Default test -->
  </suite> <!-- Default suite -->
</testng-results>
