<?xml version="1.0" encoding="UTF-8"?>
<testng-results skipped="0" failed="0" total="2" passed="2">
  <reporter-output>
  </reporter-output>
  <suite name="Default suite" duration-ms="11130" started-at="2021-05-20T03:33:04Z" finished-at="2021-05-20T03:33:15Z">
    <groups>
    </groups>
    <test name="Default test" duration-ms="11130" started-at="2021-05-20T03:33:04Z" finished-at="2021-05-20T03:33:15Z">
      <class name="lec23_java_selenium.C01_FindElementVsFindElements">
        <test-method status="PASS" signature="setUp()[pri:0, instance:lec23_java_selenium.C01_FindElementVsFindElements@1a052a00]" name="setUp" is-config="true" duration-ms="9951" started-at="2021-05-19T23:33:04Z" finished-at="2021-05-19T23:33:14Z">
          <reporter-output>
          </reporter-output>
        </test-method> <!-- setUp -->
        <test-method status="PASS" signature="findElementTest()[pri:1, instance:lec23_java_selenium.C01_FindElementVsFindElements@1a052a00]" name="findElementTest" duration-ms="111" started-at="2021-05-19T23:33:14Z" finished-at="2021-05-19T23:33:14Z">
          <reporter-output>
          </reporter-output>
        </test-method> <!-- findElementTest -->
        <test-method status="PASS" signature="FindElementsTest()[pri:2, instance:lec23_java_selenium.C01_FindElementVsFindElements@1a052a00]" name="FindElementsTest" duration-ms="732" started-at="2021-05-19T23:33:14Z" finished-at="2021-05-19T23:33:15Z">
          <reporter-output>
          </reporter-output>
        </test-method> <!-- FindElementsTest -->
        <test-method status="PASS" signature="tearDown()[pri:0, instance:lec23_java_selenium.C01_FindElementVsFindElements@1a052a00]" name="tearDown" is-config="true" duration-ms="315" started-at="2021-05-19T23:33:15Z" finished-at="2021-05-19T23:33:15Z">
          <reporter-output>
          </reporter-output>
        </test-method> <!-- tearDown -->
      </class> <!-- lec23_java_selenium.C01_FindElementVsFindElements -->
    </test> <!-- Default test -->
  </suite> <!-- Default suite -->
</testng-results>
